<?xml version="1.0" encoding="UTF-8"?>
<coverage generated="1715630992462" clover="3.2.0">
  <project timestamp="1715630992463" name="All files">
    <metrics statements="54" coveredstatements="54" conditionals="29" coveredconditionals="29" methods="15" coveredmethods="15" elements="98" coveredelements="98" complexity="0" loc="54" ncloc="54" packages="1" files="7" classes="7"/>
    <file name="Bowerman.js" path="C:\Users\79254\Desktop\projects\HomeWorks\AJS\classes\src\js\Bowerman.js">
      <metrics statements="5" coveredstatements="5" conditionals="1" coveredconditionals="1" methods="2" coveredmethods="2"/>
      <line num="4" count="6" type="stmt"/>
      <line num="5" count="6" type="stmt"/>
      <line num="8" count="6" type="stmt"/>
      <line num="9" count="6" type="stmt"/>
      <line num="10" count="6" type="stmt"/>
    </file>
    <file name="Character.js" path="C:\Users\79254\Desktop\projects\HomeWorks\AJS\classes\src\js\Character.js">
      <metrics statements="24" coveredstatements="24" conditionals="23" coveredconditionals="23" methods="3" coveredmethods="3"/>
      <line num="3" count="8" type="stmt"/>
      <line num="6" count="54" type="cond" truecount="5" falsecount="0"/>
      <line num="7" count="3" type="stmt"/>
      <line num="9" count="51" type="stmt"/>
      <line num="11" count="51" type="cond" truecount="4" falsecount="0"/>
      <line num="12" count="2" type="stmt"/>
      <line num="14" count="49" type="stmt"/>
      <line num="16" count="49" type="stmt"/>
      <line num="17" count="49" type="stmt"/>
      <line num="21" count="19" type="cond" truecount="4" falsecount="0"/>
      <line num="22" count="1" type="stmt"/>
      <line num="24" count="18" type="cond" truecount="2" falsecount="0"/>
      <line num="25" count="6" type="stmt"/>
      <line num="27" count="12" type="stmt"/>
      <line num="28" count="12" type="stmt"/>
      <line num="29" count="12" type="stmt"/>
      <line num="30" count="12" type="stmt"/>
      <line num="34" count="31" type="cond" truecount="4" falsecount="0"/>
      <line num="35" count="1" type="stmt"/>
      <line num="37" count="30" type="cond" truecount="2" falsecount="0"/>
      <line num="38" count="6" type="stmt"/>
      <line num="40" count="24" type="stmt"/>
      <line num="42" count="24" type="cond" truecount="2" falsecount="0"/>
      <line num="43" count="12" type="stmt"/>
    </file>
    <file name="Daemon.js" path="C:\Users\79254\Desktop\projects\HomeWorks\AJS\classes\src\js\Daemon.js">
      <metrics statements="5" coveredstatements="5" conditionals="1" coveredconditionals="1" methods="2" coveredmethods="2"/>
      <line num="4" count="6" type="stmt"/>
      <line num="5" count="6" type="stmt"/>
      <line num="8" count="6" type="stmt"/>
      <line num="9" count="6" type="stmt"/>
      <line num="10" count="6" type="stmt"/>
    </file>
    <file name="Magician.js" path="C:\Users\79254\Desktop\projects\HomeWorks\AJS\classes\src\js\Magician.js">
      <metrics statements="5" coveredstatements="5" conditionals="1" coveredconditionals="1" methods="2" coveredmethods="2"/>
      <line num="4" count="6" type="stmt"/>
      <line num="5" count="6" type="stmt"/>
      <line num="8" count="6" type="stmt"/>
      <line num="9" count="6" type="stmt"/>
      <line num="10" count="6" type="stmt"/>
    </file>
    <file name="Swordsman.js" path="C:\Users\79254\Desktop\projects\HomeWorks\AJS\classes\src\js\Swordsman.js">
      <metrics statements="5" coveredstatements="5" conditionals="1" coveredconditionals="1" methods="2" coveredmethods="2"/>
      <line num="4" count="6" type="stmt"/>
      <line num="5" count="6" type="stmt"/>
      <line num="9" count="6" type="stmt"/>
      <line num="10" count="6" type="stmt"/>
      <line num="11" count="6" type="stmt"/>
    </file>
    <file name="Undead.js" path="C:\Users\79254\Desktop\projects\HomeWorks\AJS\classes\src\js\Undead.js">
      <metrics statements="5" coveredstatements="5" conditionals="1" coveredconditionals="1" methods="2" coveredmethods="2"/>
      <line num="4" count="6" type="stmt"/>
      <line num="5" count="6" type="stmt"/>
      <line num="9" count="6" type="stmt"/>
      <line num="10" count="6" type="stmt"/>
      <line num="11" count="6" type="stmt"/>
    </file>
    <file name="Zombie.js" path="C:\Users\79254\Desktop\projects\HomeWorks\AJS\classes\src\js\Zombie.js">
      <metrics statements="5" coveredstatements="5" conditionals="1" coveredconditionals="1" methods="2" coveredmethods="2"/>
      <line num="4" count="6" type="stmt"/>
      <line num="5" count="6" type="stmt"/>
      <line num="9" count="6" type="stmt"/>
      <line num="10" count="6" type="stmt"/>
      <line num="11" count="6" type="stmt"/>
    </file>
  </project>
</coverage>
