<?xml version="1.0" encoding="UTF-8"?>
<coverage generated="1715553105682" clover="3.2.0">
  <project timestamp="1715553105682" name="All files">
    <metrics statements="28" coveredstatements="28" conditionals="15" coveredconditionals="15" methods="3" coveredmethods="3" elements="46" coveredelements="46" complexity="0" loc="28" ncloc="28" packages="1" files="1" classes="1"/>
    <file name="Character.js" path="C:\Users\79254\Desktop\projects\HomeWorks\AJS\classes\src\js\Character.js">
      <metrics statements="28" coveredstatements="28" conditionals="15" coveredconditionals="15" methods="3" coveredmethods="3"/>
      <line num="3" count="22" type="cond" truecount="5" falsecount="0"/>
      <line num="4" count="3" type="stmt"/>
      <line num="8" count="2" type="stmt"/>
      <line num="11" count="19" type="cond" truecount="4" falsecount="0"/>
      <line num="12" count="2" type="stmt"/>
      <line num="17" count="17" type="stmt"/>
      <line num="18" count="17" type="stmt"/>
      <line num="19" count="17" type="stmt"/>
      <line num="23" count="22" type="stmt"/>
      <line num="24" count="19" type="stmt"/>
      <line num="25" count="19" type="stmt"/>
      <line num="26" count="17" type="stmt"/>
      <line num="27" count="17" type="stmt"/>
      <line num="28" count="17" type="stmt"/>
      <line num="29" count="17" type="stmt"/>
      <line num="30" count="17" type="stmt"/>
      <line num="31" count="17" type="stmt"/>
      <line num="35" count="3" type="cond" truecount="2" falsecount="0"/>
      <line num="36" count="1" type="stmt"/>
      <line num="38" count="2" type="stmt"/>
      <line num="39" count="2" type="stmt"/>
      <line num="40" count="2" type="stmt"/>
      <line num="41" count="2" type="stmt"/>
      <line num="45" count="5" type="cond" truecount="2" falsecount="0"/>
      <line num="46" count="1" type="stmt"/>
      <line num="48" count="4" type="stmt"/>
      <line num="50" count="4" type="cond" truecount="2" falsecount="0"/>
      <line num="51" count="2" type="stmt"/>
    </file>
  </project>
</coverage>
