{"C:\\Users\\79254\\Desktop\\projects\\HomeWorks\\AJS\\classes\\src\\js\\Character.js": {"path":"C:\\Users\\79254\\Desktop\\projects\\HomeWorks\\AJS\\classes\\src\\js\\Character.js","statementMap":{"0":{"start":{"line":3,"column":2},"end":{"line":5,"column":3}},"1":{"start":{"line":4,"column":3},"end":{"line":4,"column":45}},"2":{"start":{"line":8,"column":23},"end":{"line":8,"column":144}},"3":{"start":{"line":11,"column":2},"end":{"line":13,"column":3}},"4":{"start":{"line":12,"column":3},"end":{"line":12,"column":45}},"5":{"start":{"line":17,"column":21},"end":{"line":17,"column":55}},"6":{"start":{"line":18,"column":2},"end":{"line":18,"column":30}},"7":{"start":{"line":19,"column":2},"end":{"line":19,"column":31}},"8":{"start":{"line":23,"column":2},"end":{"line":23,"column":29}},"9":{"start":{"line":24,"column":2},"end":{"line":24,"column":19}},"10":{"start":{"line":25,"column":2},"end":{"line":25,"column":29}},"11":{"start":{"line":26,"column":2},"end":{"line":26,"column":19}},"12":{"start":{"line":27,"column":2},"end":{"line":27,"column":20}},"13":{"start":{"line":28,"column":2},"end":{"line":28,"column":17}},"14":{"start":{"line":29,"column":2},"end":{"line":29,"column":39}},"15":{"start":{"line":30,"column":2},"end":{"line":30,"column":41}},"16":{"start":{"line":31,"column":2},"end":{"line":31,"column":43}},"17":{"start":{"line":35,"column":2},"end":{"line":37,"column":3}},"18":{"start":{"line":36,"column":3},"end":{"line":36,"column":53}},"19":{"start":{"line":38,"column":2},"end":{"line":38,"column":15}},"20":{"start":{"line":39,"column":2},"end":{"line":39,"column":20}},"21":{"start":{"line":40,"column":2},"end":{"line":40,"column":21}},"22":{"start":{"line":41,"column":2},"end":{"line":41,"column":20}},"23":{"start":{"line":45,"column":2},"end":{"line":47,"column":3}},"24":{"start":{"line":46,"column":3},"end":{"line":46,"column":53}},"25":{"start":{"line":48,"column":2},"end":{"line":48,"column":50}},"26":{"start":{"line":50,"column":2},"end":{"line":52,"column":3}},"27":{"start":{"line":51,"column":3},"end":{"line":51,"column":18}}},"fnMap":{"0":{"name":"(anonymous_0)","decl":{"start":{"line":22,"column":1},"end":{"line":22,"column":2}},"loc":{"start":{"line":22,"column":25},"end":{"line":32,"column":2}},"line":22},"1":{"name":"(anonymous_1)","decl":{"start":{"line":34,"column":1},"end":{"line":34,"column":2}},"loc":{"start":{"line":34,"column":10},"end":{"line":42,"column":2}},"line":34},"2":{"name":"(anonymous_2)","decl":{"start":{"line":44,"column":1},"end":{"line":44,"column":2}},"loc":{"start":{"line":44,"column":15},"end":{"line":53,"column":2}},"line":44}},"branchMap":{"0":{"loc":{"start":{"line":3,"column":2},"end":{"line":5,"column":3}},"type":"if","locations":[{"start":{"line":3,"column":2},"end":{"line":5,"column":3}},{"start":{},"end":{}}],"line":3},"1":{"loc":{"start":{"line":3,"column":6},"end":{"line":3,"column":70}},"type":"binary-expr","locations":[{"start":{"line":3,"column":6},"end":{"line":3,"column":31}},{"start":{"line":3,"column":35},"end":{"line":3,"column":50}},{"start":{"line":3,"column":54},"end":{"line":3,"column":70}}],"line":3},"2":{"loc":{"start":{"line":11,"column":2},"end":{"line":13,"column":3}},"type":"if","locations":[{"start":{"line":11,"column":2},"end":{"line":13,"column":3}},{"start":{},"end":{}}],"line":11},"3":{"loc":{"start":{"line":11,"column":6},"end":{"line":11,"column":81}},"type":"binary-expr","locations":[{"start":{"line":11,"column":6},"end":{"line":11,"column":52}},{"start":{"line":11,"column":56},"end":{"line":11,"column":81}}],"line":11},"4":{"loc":{"start":{"line":35,"column":2},"end":{"line":37,"column":3}},"type":"if","locations":[{"start":{"line":35,"column":2},"end":{"line":37,"column":3}},{"start":{},"end":{}}],"line":35},"5":{"loc":{"start":{"line":45,"column":2},"end":{"line":47,"column":3}},"type":"if","locations":[{"start":{"line":45,"column":2},"end":{"line":47,"column":3}},{"start":{},"end":{}}],"line":45},"6":{"loc":{"start":{"line":50,"column":2},"end":{"line":52,"column":3}},"type":"if","locations":[{"start":{"line":50,"column":2},"end":{"line":52,"column":3}},{"start":{},"end":{}}],"line":50}},"s":{"0":22,"1":3,"2":2,"3":19,"4":2,"5":17,"6":17,"7":17,"8":22,"9":19,"10":19,"11":17,"12":17,"13":17,"14":17,"15":17,"16":17,"17":3,"18":1,"19":2,"20":2,"21":2,"22":2,"23":5,"24":1,"25":4,"26":4,"27":2},"f":{"0":22,"1":3,"2":5},"b":{"0":[3,19],"1":[22,21,20],"2":[2,17],"3":[19,17],"4":[1,2],"5":[1,4],"6":[2,2]},"_coverageSchema":"1a1c01bbd47fc00a2c39e90264f33305004495a9","hash":"8aa970a159f3164cb78f466657be53c1c281e831"}
}
