{"C:\\Users\\79254\\Desktop\\projects\\HomeWorks\\AJS\\classes\\src\\js\\Bowerman.js": {"path":"C:\\Users\\79254\\Desktop\\projects\\HomeWorks\\AJS\\classes\\src\\js\\Bowerman.js","statementMap":{"0":{"start":{"line":4,"column":2},"end":{"line":4,"column":20}},"1":{"start":{"line":5,"column":2},"end":{"line":5,"column":29}},"2":{"start":{"line":8,"column":16},"end":{"line":8,"column":54}},"3":{"start":{"line":9,"column":2},"end":{"line":9,"column":26}},"4":{"start":{"line":10,"column":2},"end":{"line":10,"column":27}}},"fnMap":{"0":{"name":"(anonymous_0)","decl":{"start":{"line":3,"column":1},"end":{"line":3,"column":2}},"loc":{"start":{"line":3,"column":35},"end":{"line":6,"column":2}},"line":3},"1":{"name":"(anonymous_1)","decl":{"start":{"line":7,"column":1},"end":{"line":7,"column":2}},"loc":{"start":{"line":7,"column":22},"end":{"line":11,"column":2}},"line":7}},"branchMap":{"0":{"loc":{"start":{"line":3,"column":19},"end":{"line":3,"column":34}},"type":"default-arg","locations":[{"start":{"line":3,"column":26},"end":{"line":3,"column":34}}],"line":3}},"s":{"0":6,"1":6,"2":6,"3":6,"4":6},"f":{"0":6,"1":6},"b":{"0":[1]},"_coverageSchema":"1a1c01bbd47fc00a2c39e90264f33305004495a9","hash":"8867adf51440846ba85406af73b82e8a6f99544e"}
,"C:\\Users\\79254\\Desktop\\projects\\HomeWorks\\AJS\\classes\\src\\js\\Character.js": {"path":"C:\\Users\\79254\\Desktop\\projects\\HomeWorks\\AJS\\classes\\src\\js\\Character.js","statementMap":{"0":{"start":{"line":3,"column":22},"end":{"line":3,"column":143}},"1":{"start":{"line":6,"column":2},"end":{"line":8,"column":3}},"2":{"start":{"line":7,"column":3},"end":{"line":7,"column":45}},"3":{"start":{"line":9,"column":2},"end":{"line":9,"column":19}},"4":{"start":{"line":11,"column":2},"end":{"line":13,"column":3}},"5":{"start":{"line":12,"column":3},"end":{"line":12,"column":45}},"6":{"start":{"line":14,"column":2},"end":{"line":14,"column":19}},"7":{"start":{"line":16,"column":2},"end":{"line":16,"column":20}},"8":{"start":{"line":17,"column":2},"end":{"line":17,"column":17}},"9":{"start":{"line":21,"column":2},"end":{"line":23,"column":3}},"10":{"start":{"line":22,"column":3},"end":{"line":22,"column":10}},"11":{"start":{"line":24,"column":2},"end":{"line":26,"column":3}},"12":{"start":{"line":25,"column":3},"end":{"line":25,"column":53}},"13":{"start":{"line":27,"column":2},"end":{"line":27,"column":15}},"14":{"start":{"line":28,"column":2},"end":{"line":28,"column":21}},"15":{"start":{"line":29,"column":2},"end":{"line":29,"column":22}},"16":{"start":{"line":30,"column":2},"end":{"line":30,"column":20}},"17":{"start":{"line":34,"column":2},"end":{"line":36,"column":3}},"18":{"start":{"line":35,"column":3},"end":{"line":35,"column":10}},"19":{"start":{"line":37,"column":2},"end":{"line":39,"column":3}},"20":{"start":{"line":38,"column":3},"end":{"line":38,"column":53}},"21":{"start":{"line":40,"column":2},"end":{"line":40,"column":51}},"22":{"start":{"line":42,"column":2},"end":{"line":44,"column":3}},"23":{"start":{"line":43,"column":3},"end":{"line":43,"column":18}}},"fnMap":{"0":{"name":"(anonymous_0)","decl":{"start":{"line":5,"column":1},"end":{"line":5,"column":2}},"loc":{"start":{"line":5,"column":25},"end":{"line":18,"column":2}},"line":5},"1":{"name":"(anonymous_1)","decl":{"start":{"line":20,"column":1},"end":{"line":20,"column":2}},"loc":{"start":{"line":20,"column":10},"end":{"line":31,"column":2}},"line":20},"2":{"name":"(anonymous_2)","decl":{"start":{"line":33,"column":1},"end":{"line":33,"column":2}},"loc":{"start":{"line":33,"column":15},"end":{"line":45,"column":2}},"line":33}},"branchMap":{"0":{"loc":{"start":{"line":6,"column":2},"end":{"line":8,"column":3}},"type":"if","locations":[{"start":{"line":6,"column":2},"end":{"line":8,"column":3}},{"start":{},"end":{}}],"line":6},"1":{"loc":{"start":{"line":6,"column":6},"end":{"line":6,"column":70}},"type":"binary-expr","locations":[{"start":{"line":6,"column":6},"end":{"line":6,"column":31}},{"start":{"line":6,"column":35},"end":{"line":6,"column":50}},{"start":{"line":6,"column":54},"end":{"line":6,"column":70}}],"line":6},"2":{"loc":{"start":{"line":11,"column":2},"end":{"line":13,"column":3}},"type":"if","locations":[{"start":{"line":11,"column":2},"end":{"line":13,"column":3}},{"start":{},"end":{}}],"line":11},"3":{"loc":{"start":{"line":11,"column":6},"end":{"line":11,"column":85}},"type":"binary-expr","locations":[{"start":{"line":11,"column":6},"end":{"line":11,"column":56}},{"start":{"line":11,"column":60},"end":{"line":11,"column":85}}],"line":11},"4":{"loc":{"start":{"line":21,"column":2},"end":{"line":23,"column":3}},"type":"if","locations":[{"start":{"line":21,"column":2},"end":{"line":23,"column":3}},{"start":{},"end":{}}],"line":21},"5":{"loc":{"start":{"line":21,"column":5},"end":{"line":21,"column":34}},"type":"binary-expr","locations":[{"start":{"line":21,"column":5},"end":{"line":21,"column":17}},{"start":{"line":21,"column":21},"end":{"line":21,"column":34}}],"line":21},"6":{"loc":{"start":{"line":24,"column":2},"end":{"line":26,"column":3}},"type":"if","locations":[{"start":{"line":24,"column":2},"end":{"line":26,"column":3}},{"start":{},"end":{}}],"line":24},"7":{"loc":{"start":{"line":34,"column":2},"end":{"line":36,"column":3}},"type":"if","locations":[{"start":{"line":34,"column":2},"end":{"line":36,"column":3}},{"start":{},"end":{}}],"line":34},"8":{"loc":{"start":{"line":34,"column":5},"end":{"line":34,"column":34}},"type":"binary-expr","locations":[{"start":{"line":34,"column":5},"end":{"line":34,"column":17}},{"start":{"line":34,"column":21},"end":{"line":34,"column":34}}],"line":34},"9":{"loc":{"start":{"line":37,"column":2},"end":{"line":39,"column":3}},"type":"if","locations":[{"start":{"line":37,"column":2},"end":{"line":39,"column":3}},{"start":{},"end":{}}],"line":37},"10":{"loc":{"start":{"line":42,"column":2},"end":{"line":44,"column":3}},"type":"if","locations":[{"start":{"line":42,"column":2},"end":{"line":44,"column":3}},{"start":{},"end":{}}],"line":42}},"s":{"0":8,"1":54,"2":3,"3":51,"4":51,"5":2,"6":49,"7":49,"8":49,"9":19,"10":1,"11":18,"12":6,"13":12,"14":12,"15":12,"16":12,"17":31,"18":1,"19":30,"20":6,"21":24,"22":24,"23":12},"f":{"0":54,"1":19,"2":31},"b":{"0":[3,51],"1":[54,53,52],"2":[2,49],"3":[51,49],"4":[1,18],"5":[19,18],"6":[6,12],"7":[1,30],"8":[31,30],"9":[6,24],"10":[12,12]},"_coverageSchema":"1a1c01bbd47fc00a2c39e90264f33305004495a9","hash":"e30e70ddcc1442bfbd053ef44dddb6580b515a06"}
,"C:\\Users\\79254\\Desktop\\projects\\HomeWorks\\AJS\\classes\\src\\js\\Daemon.js": {"path":"C:\\Users\\79254\\Desktop\\projects\\HomeWorks\\AJS\\classes\\src\\js\\Daemon.js","statementMap":{"0":{"start":{"line":4,"column":2},"end":{"line":4,"column":19}},"1":{"start":{"line":5,"column":2},"end":{"line":5,"column":29}},"2":{"start":{"line":8,"column":16},"end":{"line":8,"column":52}},"3":{"start":{"line":9,"column":2},"end":{"line":9,"column":26}},"4":{"start":{"line":10,"column":2},"end":{"line":10,"column":27}}},"fnMap":{"0":{"name":"(anonymous_0)","decl":{"start":{"line":3,"column":1},"end":{"line":3,"column":2}},"loc":{"start":{"line":3,"column":35},"end":{"line":6,"column":2}},"line":3},"1":{"name":"(anonymous_1)","decl":{"start":{"line":7,"column":1},"end":{"line":7,"column":2}},"loc":{"start":{"line":7,"column":22},"end":{"line":11,"column":2}},"line":7}},"branchMap":{"0":{"loc":{"start":{"line":3,"column":19},"end":{"line":3,"column":34}},"type":"default-arg","locations":[{"start":{"line":3,"column":26},"end":{"line":3,"column":34}}],"line":3}},"s":{"0":6,"1":6,"2":6,"3":6,"4":6},"f":{"0":6,"1":6},"b":{"0":[1]},"_coverageSchema":"1a1c01bbd47fc00a2c39e90264f33305004495a9","hash":"5967813874acf7fba2dd5c0932c7bb07c3b0786e"}
,"C:\\Users\\79254\\Desktop\\projects\\HomeWorks\\AJS\\classes\\src\\js\\Magician.js": {"path":"C:\\Users\\79254\\Desktop\\projects\\HomeWorks\\AJS\\classes\\src\\js\\Magician.js","statementMap":{"0":{"start":{"line":4,"column":2},"end":{"line":4,"column":20}},"1":{"start":{"line":5,"column":2},"end":{"line":5,"column":29}},"2":{"start":{"line":8,"column":16},"end":{"line":8,"column":56}},"3":{"start":{"line":9,"column":2},"end":{"line":9,"column":26}},"4":{"start":{"line":10,"column":2},"end":{"line":10,"column":27}}},"fnMap":{"0":{"name":"(anonymous_0)","decl":{"start":{"line":3,"column":1},"end":{"line":3,"column":2}},"loc":{"start":{"line":3,"column":37},"end":{"line":6,"column":2}},"line":3},"1":{"name":"(anonymous_1)","decl":{"start":{"line":7,"column":1},"end":{"line":7,"column":2}},"loc":{"start":{"line":7,"column":22},"end":{"line":11,"column":2}},"line":7}},"branchMap":{"0":{"loc":{"start":{"line":3,"column":19},"end":{"line":3,"column":36}},"type":"default-arg","locations":[{"start":{"line":3,"column":26},"end":{"line":3,"column":36}}],"line":3}},"s":{"0":6,"1":6,"2":6,"3":6,"4":6},"f":{"0":6,"1":6},"b":{"0":[1]},"_coverageSchema":"1a1c01bbd47fc00a2c39e90264f33305004495a9","hash":"06dfb1336ec1f95212b35bd4356e31813d0b9f55"}
,"C:\\Users\\79254\\Desktop\\projects\\HomeWorks\\AJS\\classes\\src\\js\\Swordsman.js": {"path":"C:\\Users\\79254\\Desktop\\projects\\HomeWorks\\AJS\\classes\\src\\js\\Swordsman.js","statementMap":{"0":{"start":{"line":4,"column":2},"end":{"line":4,"column":20}},"1":{"start":{"line":5,"column":2},"end":{"line":5,"column":29}},"2":{"start":{"line":9,"column":16},"end":{"line":9,"column":58}},"3":{"start":{"line":10,"column":2},"end":{"line":10,"column":26}},"4":{"start":{"line":11,"column":2},"end":{"line":11,"column":27}}},"fnMap":{"0":{"name":"(anonymous_0)","decl":{"start":{"line":3,"column":1},"end":{"line":3,"column":2}},"loc":{"start":{"line":3,"column":38},"end":{"line":6,"column":2}},"line":3},"1":{"name":"(anonymous_1)","decl":{"start":{"line":8,"column":1},"end":{"line":8,"column":2}},"loc":{"start":{"line":8,"column":22},"end":{"line":12,"column":2}},"line":8}},"branchMap":{"0":{"loc":{"start":{"line":3,"column":19},"end":{"line":3,"column":37}},"type":"default-arg","locations":[{"start":{"line":3,"column":26},"end":{"line":3,"column":37}}],"line":3}},"s":{"0":6,"1":6,"2":6,"3":6,"4":6},"f":{"0":6,"1":6},"b":{"0":[1]},"_coverageSchema":"1a1c01bbd47fc00a2c39e90264f33305004495a9","hash":"8ba4ddd29f985d8086c15b2152c93ff41af9490c"}
,"C:\\Users\\79254\\Desktop\\projects\\HomeWorks\\AJS\\classes\\src\\js\\Undead.js": {"path":"C:\\Users\\79254\\Desktop\\projects\\HomeWorks\\AJS\\classes\\src\\js\\Undead.js","statementMap":{"0":{"start":{"line":4,"column":2},"end":{"line":4,"column":19}},"1":{"start":{"line":5,"column":2},"end":{"line":5,"column":29}},"2":{"start":{"line":9,"column":16},"end":{"line":9,"column":52}},"3":{"start":{"line":10,"column":2},"end":{"line":10,"column":26}},"4":{"start":{"line":11,"column":2},"end":{"line":11,"column":27}}},"fnMap":{"0":{"name":"(anonymous_0)","decl":{"start":{"line":3,"column":1},"end":{"line":3,"column":2}},"loc":{"start":{"line":3,"column":35},"end":{"line":6,"column":2}},"line":3},"1":{"name":"(anonymous_1)","decl":{"start":{"line":8,"column":1},"end":{"line":8,"column":2}},"loc":{"start":{"line":8,"column":22},"end":{"line":12,"column":2}},"line":8}},"branchMap":{"0":{"loc":{"start":{"line":3,"column":19},"end":{"line":3,"column":34}},"type":"default-arg","locations":[{"start":{"line":3,"column":26},"end":{"line":3,"column":34}}],"line":3}},"s":{"0":6,"1":6,"2":6,"3":6,"4":6},"f":{"0":6,"1":6},"b":{"0":[1]},"_coverageSchema":"1a1c01bbd47fc00a2c39e90264f33305004495a9","hash":"80b16c8b9331920bc1f4f83e63bf0bca1c966cfa"}
,"C:\\Users\\79254\\Desktop\\projects\\HomeWorks\\AJS\\classes\\src\\js\\Zombie.js": {"path":"C:\\Users\\79254\\Desktop\\projects\\HomeWorks\\AJS\\classes\\src\\js\\Zombie.js","statementMap":{"0":{"start":{"line":4,"column":2},"end":{"line":4,"column":19}},"1":{"start":{"line":5,"column":2},"end":{"line":5,"column":29}},"2":{"start":{"line":9,"column":16},"end":{"line":9,"column":52}},"3":{"start":{"line":10,"column":2},"end":{"line":10,"column":26}},"4":{"start":{"line":11,"column":2},"end":{"line":11,"column":27}}},"fnMap":{"0":{"name":"(anonymous_0)","decl":{"start":{"line":3,"column":1},"end":{"line":3,"column":2}},"loc":{"start":{"line":3,"column":35},"end":{"line":6,"column":2}},"line":3},"1":{"name":"(anonymous_1)","decl":{"start":{"line":8,"column":1},"end":{"line":8,"column":2}},"loc":{"start":{"line":8,"column":22},"end":{"line":12,"column":2}},"line":8}},"branchMap":{"0":{"loc":{"start":{"line":3,"column":19},"end":{"line":3,"column":34}},"type":"default-arg","locations":[{"start":{"line":3,"column":26},"end":{"line":3,"column":34}}],"line":3}},"s":{"0":6,"1":6,"2":6,"3":6,"4":6},"f":{"0":6,"1":6},"b":{"0":[1]},"_coverageSchema":"1a1c01bbd47fc00a2c39e90264f33305004495a9","hash":"1e5aa9512371c0b387de663712be101d8e081908"}
}
