TN:
SF:src\js\Bowerman.js
FN:3,(anonymous_0)
FN:7,(anonymous_1)
FNF:2
FNH:2
FNDA:6,(anonymous_0)
FNDA:6,(anonymous_1)
DA:4,6
DA:5,6
DA:8,6
DA:9,6
DA:10,6
LF:5
LH:5
BRDA:3,0,0,1
BRF:1
BRH:1
end_of_record
TN:
SF:src\js\Character.js
FN:5,(anonymous_0)
FN:20,(anonymous_1)
FN:33,(anonymous_2)
FNF:3
FNH:3
FNDA:54,(anonymous_0)
FNDA:19,(anonymous_1)
FNDA:31,(anonymous_2)
DA:3,8
DA:6,54
DA:7,3
DA:9,51
DA:11,51
DA:12,2
DA:14,49
DA:16,49
DA:17,49
DA:21,19
DA:22,1
DA:24,18
DA:25,6
DA:27,12
DA:28,12
DA:29,12
DA:30,12
DA:34,31
DA:35,1
DA:37,30
DA:38,6
DA:40,24
DA:42,24
DA:43,12
LF:24
LH:24
BRDA:6,0,0,3
BRDA:6,0,1,51
BRDA:6,1,0,54
BRDA:6,1,1,53
BRDA:6,1,2,52
BRDA:11,2,0,2
BRDA:11,2,1,49
BRDA:11,3,0,51
BRDA:11,3,1,49
BRDA:21,4,0,1
BRDA:21,4,1,18
BRDA:21,5,0,19
BRDA:21,5,1,18
BRDA:24,6,0,6
BRDA:24,6,1,12
BRDA:34,7,0,1
BRDA:34,7,1,30
BRDA:34,8,0,31
BRDA:34,8,1,30
BRDA:37,9,0,6
BRDA:37,9,1,24
BRDA:42,10,0,12
BRDA:42,10,1,12
BRF:23
BRH:23
end_of_record
TN:
SF:src\js\Daemon.js
FN:3,(anonymous_0)
FN:7,(anonymous_1)
FNF:2
FNH:2
FNDA:6,(anonymous_0)
FNDA:6,(anonymous_1)
DA:4,6
DA:5,6
DA:8,6
DA:9,6
DA:10,6
LF:5
LH:5
BRDA:3,0,0,1
BRF:1
BRH:1
end_of_record
TN:
SF:src\js\Magician.js
FN:3,(anonymous_0)
FN:7,(anonymous_1)
FNF:2
FNH:2
FNDA:6,(anonymous_0)
FNDA:6,(anonymous_1)
DA:4,6
DA:5,6
DA:8,6
DA:9,6
DA:10,6
LF:5
LH:5
BRDA:3,0,0,1
BRF:1
BRH:1
end_of_record
TN:
SF:src\js\Swordsman.js
FN:3,(anonymous_0)
FN:8,(anonymous_1)
FNF:2
FNH:2
FNDA:6,(anonymous_0)
FNDA:6,(anonymous_1)
DA:4,6
DA:5,6
DA:9,6
DA:10,6
DA:11,6
LF:5
LH:5
BRDA:3,0,0,1
BRF:1
BRH:1
end_of_record
TN:
SF:src\js\Undead.js
FN:3,(anonymous_0)
FN:8,(anonymous_1)
FNF:2
FNH:2
FNDA:6,(anonymous_0)
FNDA:6,(anonymous_1)
DA:4,6
DA:5,6
DA:9,6
DA:10,6
DA:11,6
LF:5
LH:5
BRDA:3,0,0,1
BRF:1
BRH:1
end_of_record
TN:
SF:src\js\Zombie.js
FN:3,(anonymous_0)
FN:8,(anonymous_1)
FNF:2
FNH:2
FNDA:6,(anonymous_0)
FNDA:6,(anonymous_1)
DA:4,6
DA:5,6
DA:9,6
DA:10,6
DA:11,6
LF:5
LH:5
BRDA:3,0,0,1
BRF:1
BRH:1
end_of_record
