TN:
SF:src\js\Character.js
FN:22,(anonymous_0)
FN:34,(anonymous_1)
FN:44,(anonymous_2)
FNF:3
FNH:3
FNDA:22,(anonymous_0)
FNDA:3,(anonymous_1)
FNDA:5,(anonymous_2)
DA:3,22
DA:4,3
DA:8,2
DA:11,19
DA:12,2
DA:17,17
DA:18,17
DA:19,17
DA:23,22
DA:24,19
DA:25,19
DA:26,17
DA:27,17
DA:28,17
DA:29,17
DA:30,17
DA:31,17
DA:35,3
DA:36,1
DA:38,2
DA:39,2
DA:40,2
DA:41,2
DA:45,5
DA:46,1
DA:48,4
DA:50,4
DA:51,2
LF:28
LH:28
BRDA:3,0,0,3
BRDA:3,0,1,19
BRDA:3,1,0,22
BRDA:3,1,1,21
BRDA:3,1,2,20
BRDA:11,2,0,2
BRDA:11,2,1,17
BRDA:11,3,0,19
BRDA:11,3,1,17
BRDA:35,4,0,1
BRDA:35,4,1,2
BRDA:45,5,0,1
BRDA:45,5,1,4
BRDA:50,6,0,2
BRDA:50,6,1,2
BRF:15
BRH:15
end_of_record
